<?xml version="1.0" encoding="UTF-8"?>
<testsuite xmlns:xsi="http://www.w3.org/2001/XMLSchema-instance" xsi:noNamespaceSchemaLocation="https://maven.apache.org/surefire/maven-surefire-plugin/xsd/surefire-test-report-3.0.xsd" version="3.0" name="com.leaslink.controllers.LeaseControllerTest" time="0.574" tests="6" errors="0" skipped="0" failures="0">
  <properties>
    <property name="java.specification.version" value="21"/>
    <property name="sun.cpu.isalist" value="amd64"/>
    <property name="sun.jnu.encoding" value="Cp1252"/>
    <property name="java.class.path" value="C:\Users\Dinda Thalia Fahira\Desktop\LeasLink\target\test-classes;C:\Users\Dinda Thalia Fahira\Desktop\LeasLink\target\classes;C:\Users\Dinda Thalia Fahira\.m2\repository\org\xerial\sqlite-jdbc\3.45.1.0\sqlite-jdbc-3.45.1.0.jar;C:\Users\Dinda Thalia Fahira\.m2\repository\org\slf4j\slf4j-api\1.7.36\slf4j-api-1.7.36.jar;C:\Users\Dinda Thalia Fahira\.m2\repository\com\formdev\flatlaf\3.4\flatlaf-3.4.jar;C:\Users\Dinda Thalia Fahira\.m2\repository\org\junit\jupiter\junit-jupiter\5.10.2\junit-jupiter-5.10.2.jar;C:\Users\Dinda Thalia Fahira\.m2\repository\org\junit\jupiter\junit-jupiter-api\5.10.2\junit-jupiter-api-5.10.2.jar;C:\Users\Dinda Thalia Fahira\.m2\repository\org\opentest4j\opentest4j\1.3.0\opentest4j-1.3.0.jar;C:\Users\Dinda Thalia Fahira\.m2\repository\org\junit\platform\junit-platform-commons\1.10.2\junit-platform-commons-1.10.2.jar;C:\Users\Dinda Thalia Fahira\.m2\repository\org\apiguardian\apiguardian-api\1.1.2\apiguardian-api-1.1.2.jar;C:\Users\Dinda Thalia Fahira\.m2\repository\org\junit\jupiter\junit-jupiter-params\5.10.2\junit-jupiter-params-5.10.2.jar;C:\Users\Dinda Thalia Fahira\.m2\repository\org\junit\jupiter\junit-jupiter-engine\5.10.2\junit-jupiter-engine-5.10.2.jar;C:\Users\Dinda Thalia Fahira\.m2\repository\org\junit\platform\junit-platform-engine\1.10.2\junit-platform-engine-1.10.2.jar;"/>
    <property name="java.vm.vendor" value="Oracle Corporation"/>
    <property name="sun.arch.data.model" value="64"/>
    <property name="user.variant" value=""/>
    <property name="java.vendor.url" value="https://java.oracle.com/"/>
    <property name="user.timezone" value="Asia/Jakarta"/>
    <property name="os.name" value="Windows 11"/>
    <property name="java.vm.specification.version" value="21"/>
    <property name="sun.java.launcher" value="SUN_STANDARD"/>
    <property name="user.country" value="ID"/>
    <property name="sun.boot.library.path" value="C:\Program Files\Java\jdk-21\bin"/>
    <property name="sun.java.command" value="C:\Users\Dinda Thalia Fahira\AppData\Local\Temp\surefire1197294202417583385\surefirebooter-20250612100604789_3.jar C:\Users\Dinda Thalia Fahira\AppData\Local\Temp\surefire1197294202417583385 2025-06-12T10-06-04_567-jvmRun1 surefire-20250612100604789_1tmp surefire_0-20250612100604789_2tmp"/>
    <property name="jdk.debug" value="release"/>
    <property name="surefire.test.class.path" value="C:\Users\Dinda Thalia Fahira\Desktop\LeasLink\target\test-classes;C:\Users\Dinda Thalia Fahira\Desktop\LeasLink\target\classes;C:\Users\Dinda Thalia Fahira\.m2\repository\org\xerial\sqlite-jdbc\3.45.1.0\sqlite-jdbc-3.45.1.0.jar;C:\Users\Dinda Thalia Fahira\.m2\repository\org\slf4j\slf4j-api\1.7.36\slf4j-api-1.7.36.jar;C:\Users\Dinda Thalia Fahira\.m2\repository\com\formdev\flatlaf\3.4\flatlaf-3.4.jar;C:\Users\Dinda Thalia Fahira\.m2\repository\org\junit\jupiter\junit-jupiter\5.10.2\junit-jupiter-5.10.2.jar;C:\Users\Dinda Thalia Fahira\.m2\repository\org\junit\jupiter\junit-jupiter-api\5.10.2\junit-jupiter-api-5.10.2.jar;C:\Users\Dinda Thalia Fahira\.m2\repository\org\opentest4j\opentest4j\1.3.0\opentest4j-1.3.0.jar;C:\Users\Dinda Thalia Fahira\.m2\repository\org\junit\platform\junit-platform-commons\1.10.2\junit-platform-commons-1.10.2.jar;C:\Users\Dinda Thalia Fahira\.m2\repository\org\apiguardian\apiguardian-api\1.1.2\apiguardian-api-1.1.2.jar;C:\Users\Dinda Thalia Fahira\.m2\repository\org\junit\jupiter\junit-jupiter-params\5.10.2\junit-jupiter-params-5.10.2.jar;C:\Users\Dinda Thalia Fahira\.m2\repository\org\junit\jupiter\junit-jupiter-engine\5.10.2\junit-jupiter-engine-5.10.2.jar;C:\Users\Dinda Thalia Fahira\.m2\repository\org\junit\platform\junit-platform-engine\1.10.2\junit-platform-engine-1.10.2.jar;"/>
    <property name="sun.cpu.endian" value="little"/>
    <property name="user.home" value="C:\Users\Dinda Thalia Fahira"/>
    <property name="user.language" value="en"/>
    <property name="java.specification.vendor" value="Oracle Corporation"/>
    <property name="java.version.date" value="2024-01-16"/>
    <property name="java.home" value="C:\Program Files\Java\jdk-21"/>
    <property name="file.separator" value="\"/>
    <property name="basedir" value="C:\Users\Dinda Thalia Fahira\Desktop\LeasLink"/>
    <property name="java.vm.compressedOopsMode" value="Zero based"/>
    <property name="line.separator" value="&#10;"/>
    <property name="java.vm.specification.vendor" value="Oracle Corporation"/>
    <property name="java.specification.name" value="Java Platform API Specification"/>
    <property name="surefire.real.class.path" value="C:\Users\Dinda Thalia Fahira\AppData\Local\Temp\surefire1197294202417583385\surefirebooter-20250612100604789_3.jar"/>
    <property name="user.script" value=""/>
    <property name="sun.management.compiler" value="HotSpot 64-Bit Tiered Compilers"/>
    <property name="java.runtime.version" value="21.0.2+13-LTS-58"/>
    <property name="user.name" value="Dinda Thalia Fahira"/>
    <property name="stdout.encoding" value="Cp1252"/>
    <property name="path.separator" value=";"/>
    <property name="os.version" value="10.0"/>
    <property name="java.runtime.name" value="Java(TM) SE Runtime Environment"/>
    <property name="file.encoding" value="UTF-8"/>
    <property name="java.vm.name" value="Java HotSpot(TM) 64-Bit Server VM"/>
    <property name="localRepository" value="C:\Users\Dinda Thalia Fahira\.m2\repository"/>
    <property name="java.vendor.url.bug" value="https://bugreport.java.com/bugreport/"/>
    <property name="java.io.tmpdir" value="C:\Users\DINDAT~1\AppData\Local\Temp\"/>
    <property name="java.version" value="21.0.2"/>
    <property name="user.dir" value="C:\Users\Dinda Thalia Fahira\Desktop\LeasLink"/>
    <property name="os.arch" value="amd64"/>
    <property name="java.vm.specification.name" value="Java Virtual Machine Specification"/>
    <property name="sun.os.patch.level" value=""/>
    <property name="native.encoding" value="Cp1252"/>
    <property name="java.library.path" value="C:\Program Files\Java\jdk-21\bin;C:\WINDOWS\Sun\Java\bin;C:\WINDOWS\system32;C:\WINDOWS;C:\Python312\Scripts\;C:\Python312\;C:\Program Files\Common Files\Oracle\Java\javapath;C:\WINDOWS\system32;C:\WINDOWS;C:\WINDOWS\System32\Wbem;C:\WINDOWS\System32\WindowsPowerShell\v1.0\;C:\WINDOWS\System32\OpenSSH\;C:\TDM-GCC-64\bin;C:\MinGW\bin;C:\Program Files\MySQL\MySQL Server 8.0\bin;C:\Program Files\Java\jdk-21\bin;C:\Program Files\PostgreSQL\16\bin;C:\ProgramData\chocolatey\bin;C:\Program Files\nodejs;C:\Program Files\nodejs\;C:\Users\Dinda Thalia Fahira\AppData\Local\Programs\Python\Python310;C:\Users\Dinda Thalia Fahira\AppData\Roaming\Python\Python312\Scripts;C:\Program Files\Git\cmd;C:\Users\Dinda Thalia Fahira\AppData\Local\Android\Sdk\cmdline-tools\bin\;C:\Program Files (x86)\Gpg4win\..\GnuPG\bin;C:\Users\Dinda Thalia Fahira\Downloads\apache-maven-3.9.10-bin\apache-maven-3.9.10\bin;C:\Users\Dinda Thalia Fahira\AppData\Roaming\local\bin;C:\Users\Dinda Thalia Fahira\AppData\Local\Programs\Python\Python310\Scripts\;C:\Users\Dinda Thalia Fahira\AppData\Local\Programs\Python\Python310\;C:\Users\Dinda Thalia Fahira\AppData\Local\Microsoft\WindowsApps;C:\ghcup\bin;C:\Users\Dinda Thalia Fahira\AppData\Local\Programs\Microsoft VS Code\bin;C:\Users\Dinda Thalia Fahira\AppData\Local\GitHubDesktop\bin;C:\Program Files\MySQL\MySQL Server 8.0\bin;C:\Users\Dinda Thalia Fahira\Downloads\gradle-8.7-bin\gradle-8.7\bin;C:\Users\Dinda Thalia Fahira\AppData\Local\Microsoft\WinGet\Packages\Schniz.fnm_Microsoft.Winget.Source_8wekyb3d8bbwe;C:\Users\Dinda Thalia Fahira\AppData\Roaming\npm;C:\Users\Dinda Thalia Fahira\Documents\flutter\bin;C:\Users\Dinda Thalia Fahira\AppData\Local\Android\Sdk\cmdline-tools\bin\;C:\Program Files\MongoDB\Server\5.0\bin;C:\Users\Dinda Thalia Fahira\flutter\bin;C:\Program Files\Java\jdk-11.0.16;C:\Users\Dinda Thalia Fahira\Downloads\gradle-8.12-bin\gradle-8.12\bin;C:\Users\Dinda Thalia Fahira\Downloads\apache-maven-3.9.10-bin;;."/>
    <property name="java.vm.info" value="mixed mode, sharing"/>
    <property name="stderr.encoding" value="Cp1252"/>
    <property name="java.vendor" value="Oracle Corporation"/>
    <property name="java.vm.version" value="21.0.2+13-LTS-58"/>
    <property name="sun.io.unicode.encoding" value="UnicodeLittle"/>
    <property name="java.class.version" value="65.0"/>
  </properties>
  <testcase name="testGetAllCustomers" classname="com.leaslink.controllers.LeaseControllerTest" time="0.457">
    <system-out><![CDATA[Customers found: 0
]]></system-out>
    <system-err><![CDATA[SLF4J: Failed to load class "org.slf4j.impl.StaticLoggerBinder".
SLF4J: Defaulting to no-operation (NOP) logger implementation
SLF4J: See http://www.slf4j.org/codes.html#StaticLoggerBinder for further details.
]]></system-err>
  </testcase>
  <testcase name="testLeaseValidation" classname="com.leaslink.controllers.LeaseControllerTest" time="0.003">
    <system-out><![CDATA[Validation error (as expected): Customer harus dipilih
]]></system-out>
  </testcase>
  <testcase name="testGetAllLeases" classname="com.leaslink.controllers.LeaseControllerTest" time="0.031">
    <system-out><![CDATA[Total leases found: 2
First lease - ID: 1, Customer: Customer Demo, Status: active
]]></system-out>
  </testcase>
  <testcase name="testGetAvailableMotorcycles" classname="com.leaslink.controllers.LeaseControllerTest" time="0.014">
    <system-out><![CDATA[Available motorcycles found: 8
First motorcycle - ID: 2, Brand: Honda, Model: Beat Street
]]></system-out>
  </testcase>
  <testcase name="testCreateAndApproveLease" classname="com.leaslink.controllers.LeaseControllerTest" time="0.013">
    <system-out><![CDATA[Skipping create/approve test - no customers or motorcycles available
]]></system-out>
  </testcase>
  <testcase name="testGetLeaseSummary" classname="com.leaslink.controllers.LeaseControllerTest" time="0.01">
    <system-out><![CDATA[=== LEASE SUMMARY ===
Total Leases: 2
Active Leases: 2
Pending Leases: 0
Completed Leases: 0
Total Lease Value: 4.7E7
=====================
]]></system-out>
  </testcase>
</testsuite>